<?xml version="1.0" encoding="UTF-8"?>
<!-- Generated by org.testng.reporters.JUnitReportReporter -->
<testsuite skipped="0" hostname="LAPTOP-0NL3KTLK" name="testCases.CreateLeadWD" tests="2" failures="0" timestamp="10 Dec 2017 18:15:20 GMT" time="60.953" errors="0">
  <testcase name="createLead" time="31.370" classname="testCases.CreateLeadWD"/>
  <testcase name="createLead" time="29.583" classname="testCases.CreateLeadWD"/>
</testsuite> <!-- testCases.CreateLeadWD -->
