<?xml version="1.0" encoding="UTF-8"?>
<!-- Generated by org.testng.reporters.JUnitReportReporter -->
<testsuite skipped="0" hostname="LAPTOP-0NL3KTLK" name="selenium.learning.ReportGeneration" tests="1" failures="0" timestamp="09 Dec 2017 07:08:18 GMT" time="0.531" errors="0">
  <testcase name="sampleReports" time="0.531" classname="selenium.learning.ReportGeneration"/>
</testsuite> <!-- selenium.learning.ReportGeneration -->
