<?xml version="1.0" encoding="UTF-8"?>
<!-- Generated by org.testng.reporters.JUnitReportReporter -->
<testsuite skipped="0" hostname="LAPTOP-0NL3KTLK" name="selenium.learning.ReadExcel" tests="1" failures="0" timestamp="13 Jan 2018 14:35:05 GMT" time="5.169" errors="0">
  <testcase name="excelReadData" time="5.169" classname="selenium.learning.ReadExcel"/>
</testsuite> <!-- selenium.learning.ReadExcel -->
