<?xml version="1.0" encoding="UTF-8"?>
<!-- Generated by org.testng.reporters.JUnitReportReporter -->
<testsuite skipped="0" hostname="LAPTOP-0NL3KTLK" name="selenium.learning.ReadExcel" tests="1" failures="0" timestamp="09 Dec 2017 05:07:55 GMT" time="0.516" errors="0">
  <testcase name="excelReadData" time="0.516" classname="selenium.learning.ReadExcel"/>
</testsuite> <!-- selenium.learning.ReadExcel -->
