<?xml version="1.0" encoding="UTF-8"?>
<!-- Generated by org.testng.reporters.JUnitReportReporter -->
<testsuite skipped="0" hostname="LAPTOP-0NL3KTLK" name="selenium.learning.LearningAnnotations" tests="1" failures="0" timestamp="03 Dec 2017 06:06:07 GMT" time="0.004" errors="0">
  <testcase name="Test" time="0.004" classname="selenium.learning.LearningAnnotations"/>
</testsuite> <!-- selenium.learning.LearningAnnotations -->
