<?xml version="1.0" encoding="UTF-8"?>
<!-- Generated by org.testng.reporters.JUnitReportReporter -->
<testsuite skipped="0" hostname="LAPTOP-0NL3KTLK" name="testCases.EditLeadWD" tests="1" failures="0" timestamp="10 Dec 2017 18:15:20 GMT" time="17.983" errors="0">
  <testcase name="EditLead" time="17.983" classname="testCases.EditLeadWD"/>
</testsuite> <!-- testCases.EditLeadWD -->
