<?xml version="1.0" encoding="UTF-8"?>
<!-- Generated by org.testng.reporters.JUnitReportReporter -->
<testsuite skipped="0" hostname="LAPTOP-0NL3KTLK" name="testCases.MergeLeadWD" tests="1" failures="0" timestamp="03 Dec 2017 07:34:42 GMT" time="97.980" errors="0">
  <testcase name="MergeLead" time="97.980" classname="testCases.MergeLeadWD"/>
</testsuite> <!-- testCases.MergeLeadWD -->
